<?xml version="1.0" encoding="UTF-8"?>
<!-- Generated by org.testng.reporters.JUnitReportReporter -->
<testsuite hostname="Manoj_Kumar_M" failures="0" tests="1" name="shopperstack.logintest.DemoTest" time="0.012" errors="0" timestamp="2023-12-19T12:52:27 IST" skipped="0">
  <testcase classname="shopperstack.logintest.DemoTest" name="demo" time="0.012">
    <system-out>
      <![CDATA[Demo Executing]]>
    </system-out>
  </testcase> <!-- demo -->
  <system-out>
    <![CDATA[Demo Executing]]>
  </system-out>
</testsuite> <!-- shopperstack.logintest.DemoTest -->
