<?xml version="1.0" encoding="UTF-8"?>
<!-- Generated by org.testng.reporters.JUnitReportReporter -->
<testsuite hostname="Manoj_Kumar_M" failures="0" tests="1" name="shopperstack.logintest.AddtoCartTest" time="4.979" errors="0" timestamp="2023-12-13T19:56:22 IST" skipped="0">
  <testcase classname="shopperstack.logintest.AddtoCartTest" name="addToCartTest" time="4.979">
    <system-out>
      <![CDATA[addToCartTest has Started
Successfully Added to Cart
addToCartTest has excecuted Successfully]]>
    </system-out>
  </testcase> <!-- addToCartTest -->
  <system-out>
    <![CDATA[Suite has Started
addAddress has Started
Address added Succssfully
addAddress has excecuted Successfully
Logged out
addToCartTest has Started
Successfully Added to Cart
addToCartTest has excecuted Successfully
Logged out]]>
  </system-out>
</testsuite> <!-- shopperstack.logintest.AddtoCartTest -->
